2021-12-29 22:19:54,720 INFO  [org.jboss.modules] (main) JBoss Modules version 1.11.0.Final
2021-12-29 22:19:56,603 INFO  [org.jboss.msc] (main) JBoss MSC version 1.4.12.Final
2021-12-29 22:19:56,619 INFO  [org.jboss.threads] (main) JBoss Threads version 2.4.0.Final
2021-12-29 22:19:56,744 INFO  [org.jboss.as] (MSC service thread 1-2) WFLYSRV0049: Keycloak 15.0.2 (WildFly Core 15.0.1.Final) starting
2021-12-29 22:19:56,744 DEBUG [org.jboss.as.config] (MSC service thread 1-2) Configured system properties:
	awt.toolkit = sun.awt.windows.WToolkit
	file.encoding = Cp1252
	file.encoding.pkg = sun.io
	file.separator = \
	java.awt.graphicsenv = sun.awt.Win32GraphicsEnvironment
	java.awt.headless = true
	java.awt.printerjob = sun.awt.windows.WPrinterJob
	java.class.path = C:\Users\kabij\Desktop\keycloak-15.0.2\jboss-modules.jar
	java.class.version = 52.0
	java.endorsed.dirs = C:\Program Files\Java\jdk1.8.0_301\jre\lib\endorsed
	java.ext.dirs = C:\Program Files\Java\jdk1.8.0_301\jre\lib\ext;C:\WINDOWS\Sun\Java\lib\ext
	java.home = C:\Program Files\Java\jdk1.8.0_301\jre
	java.io.tmpdir = C:\Users\kabij\AppData\Local\Temp\
	java.library.path = C:\Program Files\Java\jdk1.8.0_301\bin;C:\WINDOWS\Sun\Java\bin;C:\WINDOWS\system32;C:\WINDOWS;C:\Program Files (x86)\Common Files\Oracle\Java\javapath;C:\WINDOWS\system32;C:\WINDOWS;C:\WINDOWS\System32\Wbem;C:\WINDOWS\System32\WindowsPowerShell\v1.0\;C:\WINDOWS\System32\OpenSSH\;C:\Program Files\Git\cmd;C:\Program Files\TortoiseGit\bin;C:\Program Files\nodejs\;C:\apache-maven-3.8.2\bin;C:\Program Files (x86)\Microsoft SQL Server\110\DTS\Binn\;C:\Program Files (x86)\Microsoft SQL Server\110\Tools\Binn\;C:\Program Files (x86)\Microsoft SQL Server\110\Tools\Binn\ManagementStudio\;C:\Program Files (x86)\Microsoft Visual Studio 10.0\Common7\IDE\PrivateAssemblies\;C:\Program Files\PuTTY\;C:\Program Files\MySQL\MySQL Shell 8.0\bin\;C:\Users\kabij\AppData\Local\Microsoft\WindowsApps;C:\Program Files\JetBrains\WebStorm 2021.2.2\bin;;C:\Users\kabij\AppData\Roaming\npm;C:\Program Files\Java\jdk1.8.0_301\bin;;C:\Users\kabij\AppData\Local\Programs\Microsoft VS Code\bin;.
	java.net.preferIPv4Stack = true
	java.runtime.name = Java(TM) SE Runtime Environment
	java.runtime.version = 1.8.0_301-b09
	java.specification.name = Java Platform API Specification
	java.specification.vendor = Oracle Corporation
	java.specification.version = 1.8
	java.util.logging.manager = org.jboss.logmanager.LogManager
	java.vendor = Oracle Corporation
	java.vendor.url = http://java.oracle.com/
	java.vendor.url.bug = http://bugreport.sun.com/bugreport/
	java.version = 1.8.0_301
	java.vm.info = mixed mode
	java.vm.name = Java HotSpot(TM) 64-Bit Server VM
	java.vm.specification.name = Java Virtual Machine Specification
	java.vm.specification.vendor = Oracle Corporation
	java.vm.specification.version = 1.8
	java.vm.vendor = Oracle Corporation
	java.vm.version = 25.301-b09
	javax.management.builder.initial = org.jboss.as.jmx.PluggableMBeanServerBuilder
	jboss.home.dir = C:\Users\kabij\Desktop\keycloak-15.0.2
	jboss.host.name = desktop-ijj5r79
	jboss.modules.dir = C:\Users\kabij\Desktop\keycloak-15.0.2\modules
	jboss.modules.system.pkgs = org.jboss.byteman
	jboss.node.name = desktop-ijj5r79
	jboss.qualified.host.name = desktop-ijj5r79
	jboss.server.base.dir = C:\Users\kabij\Desktop\keycloak-15.0.2\standalone
	jboss.server.config.dir = C:\Users\kabij\Desktop\keycloak-15.0.2\standalone\configuration
	jboss.server.data.dir = C:\Users\kabij\Desktop\keycloak-15.0.2\standalone\data
	jboss.server.deploy.dir = C:\Users\kabij\Desktop\keycloak-15.0.2\standalone\data\content
	jboss.server.log.dir = C:\Users\kabij\Desktop\keycloak-15.0.2\standalone\log
	jboss.server.name = desktop-ijj5r79
	jboss.server.persist.config = true
	jboss.server.temp.dir = C:\Users\kabij\Desktop\keycloak-15.0.2\standalone\tmp
	line.separator = 

	logging.configuration = file:C:\Users\kabij\Desktop\keycloak-15.0.2\standalone\configuration/logging.properties
	module.path = C:\Users\kabij\Desktop\keycloak-15.0.2\modules
	org.jboss.boot.log.file = C:\Users\kabij\Desktop\keycloak-15.0.2\standalone\log\server.log
	org.jboss.resolver.warning = true
	os.arch = amd64
	os.name = Windows 10
	os.version = 10.0
	path.separator = ;
	program.name = standalone.bat
	sun.arch.data.model = 64
	sun.boot.class.path = C:\Program Files\Java\jdk1.8.0_301\jre\lib\resources.jar;C:\Program Files\Java\jdk1.8.0_301\jre\lib\rt.jar;C:\Program Files\Java\jdk1.8.0_301\jre\lib\sunrsasign.jar;C:\Program Files\Java\jdk1.8.0_301\jre\lib\jsse.jar;C:\Program Files\Java\jdk1.8.0_301\jre\lib\jce.jar;C:\Program Files\Java\jdk1.8.0_301\jre\lib\charsets.jar;C:\Program Files\Java\jdk1.8.0_301\jre\lib\jfr.jar;C:\Program Files\Java\jdk1.8.0_301\jre\classes
	sun.boot.library.path = C:\Program Files\Java\jdk1.8.0_301\jre\bin
	sun.cpu.endian = little
	sun.cpu.isalist = amd64
	sun.desktop = windows
	sun.io.unicode.encoding = UnicodeLittle
	sun.java.command = C:\Users\kabij\Desktop\keycloak-15.0.2\jboss-modules.jar -mp C:\Users\kabij\Desktop\keycloak-15.0.2\modules org.jboss.as.standalone -Djboss.home.dir=C:\Users\kabij\Desktop\keycloak-15.0.2 --server-config=standalone.xml
	sun.java.launcher = SUN_STANDARD
	sun.jnu.encoding = Cp1252
	sun.management.compiler = HotSpot 64-Bit Tiered Compilers
	sun.os.patch.level = 
	sun.stderr.encoding = cp850
	sun.stdout.encoding = cp850
	user.country = GB
	user.dir = C:\Users\kabij\Desktop\keycloak-15.0.2\bin
	user.home = C:\Users\kabij
	user.language = en
	user.name = kabilJ
	user.script = 
	user.timezone = Africa/Luanda
	user.variant = 
2021-12-29 22:19:56,744 DEBUG [org.jboss.as.config] (MSC service thread 1-2) VM Arguments: -Dprogram.name=standalone.bat -Xms64M -Xmx512M -XX:MetaspaceSize=96M -XX:MaxMetaspaceSize=256m -Djava.net.preferIPv4Stack=true -Djboss.modules.system.pkgs=org.jboss.byteman -Djava.awt.headless=true -Dorg.jboss.boot.log.file=C:\Users\kabij\Desktop\keycloak-15.0.2\standalone\log\server.log -Dlogging.configuration=file:C:\Users\kabij\Desktop\keycloak-15.0.2\standalone\configuration/logging.properties 
2021-12-29 22:19:59,163 INFO  [org.wildfly.security] (ServerService Thread Pool -- 20) ELY00001: WildFly Elytron version 1.15.3.Final
2021-12-29 22:20:02,897 INFO  [org.jboss.as.controller.management-deprecated] (ServerService Thread Pool -- 5) WFLYCTL0033: Extension 'security' is deprecated and may not be supported in future versions
2021-12-29 22:20:04,703 INFO  [org.jboss.as.controller.management-deprecated] (Controller Boot Thread) WFLYCTL0028: Attribute 'security-realm' in the resource at address '/core-service=management/management-interface=http-interface' is deprecated, and may be removed in a future version. See the attribute description in the output of the read-resource-description operation to learn more about the deprecation.
2021-12-29 22:20:04,719 INFO  [org.jboss.as.controller.management-deprecated] (ServerService Thread Pool -- 19) WFLYCTL0028: Attribute 'security-realm' in the resource at address '/subsystem=undertow/server=default-server/https-listener=https' is deprecated, and may be removed in a future version. See the attribute description in the output of the read-resource-description operation to learn more about the deprecation.
2021-12-29 22:20:04,813 INFO  [org.jboss.as.server] (Controller Boot Thread) WFLYSRV0039: Creating http management service using socket-binding (management-http)
2021-12-29 22:20:04,828 INFO  [org.xnio] (MSC service thread 1-7) XNIO version 3.8.4.Final
2021-12-29 22:20:04,844 INFO  [org.xnio.nio] (MSC service thread 1-7) XNIO NIO Implementation Version 3.8.4.Final
2021-12-29 22:20:04,875 WARN  [org.jboss.as.txn] (ServerService Thread Pool -- 51) WFLYTX0013: The node-identifier attribute on the /subsystem=transactions is set to the default value. This is a danger for environments running multiple servers. Please make sure the attribute value is unique.
2021-12-29 22:20:04,875 INFO  [org.jboss.as.clustering.infinispan] (ServerService Thread Pool -- 37) WFLYCLINF0001: Activating Infinispan subsystem.
2021-12-29 22:20:04,894 INFO  [org.wildfly.extension.health] (ServerService Thread Pool -- 36) WFLYHEALTH0001: Activating Base Health Subsystem
2021-12-29 22:20:04,907 INFO  [org.jboss.as.naming] (ServerService Thread Pool -- 46) WFLYNAM0001: Activating Naming Subsystem
2021-12-29 22:20:04,907 INFO  [org.jboss.as.security] (ServerService Thread Pool -- 49) WFLYSEC0002: Activating Security Subsystem
2021-12-29 22:20:04,923 INFO  [org.jboss.as.security] (MSC service thread 1-4) WFLYSEC0001: Current PicketBox version=5.0.3.Final-redhat-00007
2021-12-29 22:20:04,938 INFO  [org.jboss.as.connector] (MSC service thread 1-2) WFLYJCA0009: Starting Jakarta Connectors Subsystem (WildFly/IronJacamar 1.4.27.Final)
2021-12-29 22:20:04,969 INFO  [org.wildfly.extension.metrics] (ServerService Thread Pool -- 45) WFLYMETRICS0001: Activating Base Metrics Subsystem
2021-12-29 22:20:04,969 INFO  [org.wildfly.extension.io] (ServerService Thread Pool -- 38) WFLYIO001: Worker 'default' has auto-configured to 16 IO threads with 128 max task threads based on your 8 available processors
2021-12-29 22:20:04,994 INFO  [org.wildfly.extension.undertow] (MSC service thread 1-3) WFLYUT0003: Undertow 2.2.5.Final starting
2021-12-29 22:20:05,017 INFO  [org.jboss.as.connector.subsystems.datasources] (ServerService Thread Pool -- 31) WFLYJCA0004: Deploying JDBC-compliant driver class org.h2.Driver (version 1.4)
2021-12-29 22:20:05,032 INFO  [org.jboss.as.connector.deployers.jdbc] (MSC service thread 1-3) WFLYJCA0018: Started Driver service with driver-name = h2
2021-12-29 22:20:05,079 INFO  [org.jboss.as.naming] (MSC service thread 1-3) WFLYNAM0003: Starting Naming Service
2021-12-29 22:20:05,095 INFO  [org.jboss.as.mail.extension] (MSC service thread 1-3) WFLYMAIL0001: Bound mail session [java:jboss/mail/Default]
2021-12-29 22:20:05,095 WARN  [org.wildfly.clustering.web.undertow] (ServerService Thread Pool -- 52) WFLYCLWEBUT0007: No routing provider found for default-server; using legacy provider based on static configuration
2021-12-29 22:20:05,352 INFO  [org.jboss.remoting] (MSC service thread 1-2) JBoss Remoting version 5.0.20.Final
2021-12-29 22:20:05,383 WARN  [org.wildfly.extension.elytron] (MSC service thread 1-7) WFLYELY00023: KeyStore file 'C:\Users\kabij\Desktop\keycloak-15.0.2\standalone\configuration\application.keystore' does not exist. Used blank.
2021-12-29 22:20:05,399 INFO  [org.wildfly.extension.undertow] (ServerService Thread Pool -- 52) WFLYUT0014: Creating file handler for path 'C:\Users\kabij\Desktop\keycloak-15.0.2/welcome-content' with options [directory-listing: 'false', follow-symlink: 'false', case-sensitive: 'true', safe-symlink-paths: '[]']
2021-12-29 22:20:05,430 INFO  [org.jboss.as.ejb3] (MSC service thread 1-5) WFLYEJB0481: Strict pool slsb-strict-max-pool is using a max instance size of 128 (per class), which is derived from thread worker pool sizing.
2021-12-29 22:20:05,430 INFO  [org.jboss.as.ejb3] (MSC service thread 1-3) WFLYEJB0482: Strict pool mdb-strict-max-pool is using a max instance size of 32 (per class), which is derived from the number of CPUs on this host.
2021-12-29 22:20:05,477 WARN  [org.wildfly.extension.elytron] (MSC service thread 1-5) WFLYELY01084: KeyStore C:\Users\kabij\Desktop\keycloak-15.0.2\standalone\configuration\application.keystore not found, it will be auto generated on first use with a self-signed certificate for host localhost
2021-12-29 22:20:05,524 INFO  [org.wildfly.extension.undertow] (MSC service thread 1-7) WFLYUT0012: Started server default-server.
2021-12-29 22:20:05,540 INFO  [org.wildfly.extension.undertow] (MSC service thread 1-4) Queuing requests.
2021-12-29 22:20:05,540 INFO  [org.wildfly.extension.undertow] (MSC service thread 1-4) WFLYUT0018: Host default-host starting
2021-12-29 22:20:05,917 INFO  [org.jboss.as.jaxrs] (ServerService Thread Pool -- 39) WFLYRS0016: RESTEasy version 3.15.1.Final
2021-12-29 22:20:06,058 INFO  [org.wildfly.extension.undertow] (MSC service thread 1-3) WFLYUT0006: Undertow HTTP listener default listening on 127.0.0.1:8080
2021-12-29 22:20:06,199 INFO  [org.jboss.as.ejb3] (MSC service thread 1-4) WFLYEJB0493: Jakarta Enterprise Beans subsystem suspension complete
2021-12-29 22:20:06,340 INFO  [org.jboss.as.connector.subsystems.datasources] (MSC service thread 1-5) WFLYJCA0001: Bound data source [java:jboss/datasources/KeycloakDS]
2021-12-29 22:20:06,340 INFO  [org.jboss.as.connector.subsystems.datasources] (MSC service thread 1-1) WFLYJCA0001: Bound data source [java:jboss/datasources/ExampleDS]
2021-12-29 22:20:08,714 INFO  [org.jboss.as.patching] (MSC service thread 1-7) WFLYPAT0050: Keycloak cumulative patch ID is: base, one-off patches include: none
2021-12-29 22:20:08,730 WARN  [org.jboss.as.domain.management.security] (MSC service thread 1-4) WFLYDM0111: Keystore C:\Users\kabij\Desktop\keycloak-15.0.2\standalone\configuration\application.keystore not found, it will be auto generated on first use with a self signed certificate for host localhost
2021-12-29 22:20:08,730 INFO  [org.jboss.as.server.deployment.scanner] (MSC service thread 1-7) WFLYDS0013: Started FileSystemDeploymentService for directory C:\Users\kabij\Desktop\keycloak-15.0.2\standalone\deployments
2021-12-29 22:20:08,745 INFO  [org.jboss.as.server.deployment] (MSC service thread 1-2) WFLYSRV0027: Starting deployment of "keycloak-server.war" (runtime-name: "keycloak-server.war")
2021-12-29 22:20:08,761 INFO  [org.wildfly.extension.undertow] (MSC service thread 1-3) WFLYUT0006: Undertow HTTPS listener https listening on 127.0.0.1:8443
2021-12-29 22:20:09,689 INFO  [org.infinispan.CONTAINER] (ServerService Thread Pool -- 55) ISPN000128: Infinispan version: Infinispan 'Corona Extra' 11.0.9.Final
2021-12-29 22:20:09,736 INFO  [org.infinispan.CONFIG] (MSC service thread 1-4) ISPN000152: Passivation configured without an eviction policy being selected. Only manually evicted entities will be passivated.
2021-12-29 22:20:09,736 INFO  [org.infinispan.CONFIG] (MSC service thread 1-4) ISPN000152: Passivation configured without an eviction policy being selected. Only manually evicted entities will be passivated.
2021-12-29 22:20:09,830 INFO  [org.infinispan.PERSISTENCE] (ServerService Thread Pool -- 55) ISPN000556: Starting user marshaller 'org.wildfly.clustering.infinispan.marshalling.jboss.JBossMarshaller'
2021-12-29 22:20:09,830 INFO  [org.infinispan.PERSISTENCE] (ServerService Thread Pool -- 54) ISPN000556: Starting user marshaller 'org.wildfly.clustering.infinispan.spi.marshalling.InfinispanProtoStreamMarshaller'
2021-12-29 22:20:10,050 INFO  [org.jboss.as.clustering.infinispan] (ServerService Thread Pool -- 54) WFLYCLINF0002: Started http-remoting-connector cache from ejb container
2021-12-29 22:20:10,065 INFO  [org.jboss.as.clustering.infinispan] (ServerService Thread Pool -- 61) WFLYCLINF0002: Started clientSessions cache from keycloak container
2021-12-29 22:20:10,065 INFO  [org.jboss.as.clustering.infinispan] (ServerService Thread Pool -- 62) WFLYCLINF0002: Started offlineClientSessions cache from keycloak container
2021-12-29 22:20:10,065 INFO  [org.jboss.as.clustering.infinispan] (ServerService Thread Pool -- 60) WFLYCLINF0002: Started offlineSessions cache from keycloak container
2021-12-29 22:20:10,065 INFO  [org.jboss.as.clustering.infinispan] (ServerService Thread Pool -- 57) WFLYCLINF0002: Started actionTokens cache from keycloak container
2021-12-29 22:20:10,065 INFO  [org.jboss.as.clustering.infinispan] (ServerService Thread Pool -- 56) WFLYCLINF0002: Started sessions cache from keycloak container
2021-12-29 22:20:10,065 INFO  [org.jboss.as.clustering.infinispan] (ServerService Thread Pool -- 63) WFLYCLINF0002: Started loginFailures cache from keycloak container
2021-12-29 22:20:10,065 INFO  [org.jboss.as.clustering.infinispan] (ServerService Thread Pool -- 58) WFLYCLINF0002: Started authenticationSessions cache from keycloak container
2021-12-29 22:20:10,065 INFO  [org.jboss.as.clustering.infinispan] (ServerService Thread Pool -- 59) WFLYCLINF0002: Started work cache from keycloak container
2021-12-29 22:20:10,104 INFO  [org.jboss.as.clustering.infinispan] (ServerService Thread Pool -- 54) WFLYCLINF0002: Started authorization cache from keycloak container
2021-12-29 22:20:10,104 INFO  [org.jboss.as.clustering.infinispan] (ServerService Thread Pool -- 64) WFLYCLINF0002: Started users cache from keycloak container
2021-12-29 22:20:10,104 INFO  [org.jboss.as.clustering.infinispan] (ServerService Thread Pool -- 55) WFLYCLINF0002: Started keys cache from keycloak container
2021-12-29 22:20:10,104 INFO  [org.jboss.as.clustering.infinispan] (ServerService Thread Pool -- 66) WFLYCLINF0002: Started realms cache from keycloak container
2021-12-29 22:20:11,337 WARN  [org.jboss.as.server.deployment] (MSC service thread 1-3) WFLYSRV0273: Excluded subsystem webservices via jboss-deployment-structure.xml does not exist.
2021-12-29 22:20:12,357 INFO  [org.keycloak.services] (ServerService Thread Pool -- 65) KC-SERVICES0001: Loading config from standalone.xml or domain.xml
2021-12-29 22:20:13,598 INFO  [org.keycloak.url.DefaultHostnameProviderFactory] (ServerService Thread Pool -- 65) Frontend: <request>, Admin: <frontend>, Backend: <request>
2021-12-29 22:20:14,430 INFO  [org.jboss.as.clustering.infinispan] (ServerService Thread Pool -- 65) WFLYCLINF0002: Started realmRevisions cache from keycloak container
2021-12-29 22:20:14,430 INFO  [org.jboss.as.clustering.infinispan] (ServerService Thread Pool -- 65) WFLYCLINF0002: Started userRevisions cache from keycloak container
2021-12-29 22:20:14,446 INFO  [org.jboss.as.clustering.infinispan] (ServerService Thread Pool -- 65) WFLYCLINF0002: Started authorizationRevisions cache from keycloak container
2021-12-29 22:20:14,446 INFO  [org.keycloak.connections.infinispan.DefaultInfinispanConnectionProviderFactory] (ServerService Thread Pool -- 65) Node name: desktop-ijj5r79, Site name: null
2021-12-29 22:20:20,020 INFO  [org.keycloak.connections.jpa.DefaultJpaConnectionProviderFactory] (ServerService Thread Pool -- 65) Database info: {databaseUrl=jdbc:h2:C:\Users\kabij\Desktop\keycloak-15.0.2\standalone\data/keycloak, databaseUser=SA, databaseProduct=H2 1.4.197 (2018-03-18), databaseDriver=H2 JDBC Driver 1.4.197 (2018-03-18)}
2021-12-29 22:20:22,312 INFO  [org.keycloak.connections.jpa.updater.liquibase.LiquibaseJpaUpdaterProvider] (ServerService Thread Pool -- 65) Initializing database schema. Using changelog META-INF/jpa-changelog-master.xml
2021-12-29 22:20:25,551 INFO  [org.hibernate.jpa.internal.util.LogHelper] (ServerService Thread Pool -- 65) HHH000204: Processing PersistenceUnitInfo [
	name: keycloak-default
	...]
2021-12-29 22:20:25,660 INFO  [org.hibernate.Version] (ServerService Thread Pool -- 65) HHH000412: Hibernate Core {5.3.20.Final}
2021-12-29 22:20:25,660 INFO  [org.hibernate.cfg.Environment] (ServerService Thread Pool -- 65) HHH000206: hibernate.properties not found
2021-12-29 22:20:26,021 INFO  [org.hibernate.annotations.common.Version] (ServerService Thread Pool -- 65) HCANN000001: Hibernate Commons Annotations {5.0.5.Final}
2021-12-29 22:20:26,209 INFO  [org.hibernate.dialect.Dialect] (ServerService Thread Pool -- 65) HHH000400: Using dialect: org.hibernate.dialect.H2Dialect
2021-12-29 22:20:26,272 INFO  [org.hibernate.envers.boot.internal.EnversServiceImpl] (ServerService Thread Pool -- 65) Envers integration enabled? : true
2021-12-29 22:20:26,773 INFO  [org.hibernate.orm.beans] (ServerService Thread Pool -- 65) HHH10005002: No explicit CDI BeanManager reference was passed to Hibernate, but CDI is available on the Hibernate ClassLoader.
2021-12-29 22:20:26,839 INFO  [org.hibernate.validator.internal.util.Version] (ServerService Thread Pool -- 65) HV000001: Hibernate Validator 6.0.22.Final
2021-12-29 22:20:29,446 INFO  [org.hibernate.hql.internal.QueryTranslatorFactoryInitiator] (ServerService Thread Pool -- 65) HHH000397: Using ASTQueryTranslatorFactory
2021-12-29 22:20:30,120 INFO  [org.keycloak.services] (ServerService Thread Pool -- 65) KC-SERVICES0050: Initializing master realm
2021-12-29 22:20:33,566 INFO  [org.jboss.resteasy.resteasy_jaxrs.i18n] (ServerService Thread Pool -- 65) RESTEASY002225: Deploying javax.ws.rs.core.Application: class org.keycloak.services.resources.KeycloakApplication
2021-12-29 22:20:33,582 INFO  [org.jboss.resteasy.resteasy_jaxrs.i18n] (ServerService Thread Pool -- 65) RESTEASY002200: Adding class resource org.keycloak.services.resources.ThemeResource from Application class org.keycloak.services.resources.KeycloakApplication
2021-12-29 22:20:33,582 INFO  [org.jboss.resteasy.resteasy_jaxrs.i18n] (ServerService Thread Pool -- 65) RESTEASY002200: Adding class resource org.keycloak.services.resources.JsResource from Application class org.keycloak.services.resources.KeycloakApplication
2021-12-29 22:20:33,582 INFO  [org.jboss.resteasy.resteasy_jaxrs.i18n] (ServerService Thread Pool -- 65) RESTEASY002205: Adding provider class org.keycloak.services.error.KeycloakErrorHandler from Application class org.keycloak.services.resources.KeycloakApplication
2021-12-29 22:20:33,582 INFO  [org.jboss.resteasy.resteasy_jaxrs.i18n] (ServerService Thread Pool -- 65) RESTEASY002205: Adding provider class org.keycloak.services.filters.KeycloakSecurityHeadersFilter from Application class org.keycloak.services.resources.KeycloakApplication
2021-12-29 22:20:33,582 INFO  [org.jboss.resteasy.resteasy_jaxrs.i18n] (ServerService Thread Pool -- 65) RESTEASY002220: Adding singleton resource org.keycloak.services.resources.admin.AdminRoot from Application class org.keycloak.services.resources.KeycloakApplication
2021-12-29 22:20:33,582 INFO  [org.jboss.resteasy.resteasy_jaxrs.i18n] (ServerService Thread Pool -- 65) RESTEASY002210: Adding provider singleton org.keycloak.services.util.ObjectMapperResolver from Application class org.keycloak.services.resources.KeycloakApplication
2021-12-29 22:20:33,582 INFO  [org.jboss.resteasy.resteasy_jaxrs.i18n] (ServerService Thread Pool -- 65) RESTEASY002220: Adding singleton resource org.keycloak.services.resources.WelcomeResource from Application class org.keycloak.services.resources.KeycloakApplication
2021-12-29 22:20:33,582 INFO  [org.jboss.resteasy.resteasy_jaxrs.i18n] (ServerService Thread Pool -- 65) RESTEASY002220: Adding singleton resource org.keycloak.services.resources.RealmsResource from Application class org.keycloak.services.resources.KeycloakApplication
2021-12-29 22:20:33,582 INFO  [org.jboss.resteasy.resteasy_jaxrs.i18n] (ServerService Thread Pool -- 65) RESTEASY002220: Adding singleton resource org.keycloak.services.resources.RobotsResource from Application class org.keycloak.services.resources.KeycloakApplication
2021-12-29 22:20:33,833 INFO  [org.wildfly.extension.undertow] (ServerService Thread Pool -- 65) WFLYUT0021: Registered web context: '/auth' for server 'default-server'
2021-12-29 22:20:34,021 INFO  [org.jboss.as.server] (ServerService Thread Pool -- 43) WFLYSRV0010: Deployed "keycloak-server.war" (runtime-name : "keycloak-server.war")
2021-12-29 22:20:34,115 INFO  [org.jboss.as.server] (Controller Boot Thread) WFLYSRV0212: Resuming server
2021-12-29 22:20:34,131 INFO  [org.jboss.as] (Controller Boot Thread) WFLYSRV0025: Keycloak 15.0.2 (WildFly Core 15.0.1.Final) started in 40337ms - Started 594 of 872 services (584 services are lazy, passive or on-demand)
2021-12-29 22:20:34,131 INFO  [org.jboss.as] (Controller Boot Thread) WFLYSRV0060: Http management interface listening on http://127.0.0.1:9990/management
2021-12-29 22:20:34,131 INFO  [org.jboss.as] (Controller Boot Thread) WFLYSRV0051: Admin console listening on http://127.0.0.1:9990
2021-12-29 22:21:45,536 INFO  [org.keycloak.services] (default task-3) KC-SERVICES0077: Created initial admin user with username admin
2021-12-29 22:36:58,710 WARN  [org.keycloak.events] (default task-11) type=LOGIN_ERROR, realmId=master, clientId=demo-angular, userId=null, ipAddress=127.0.0.1, error=client_not_found
2021-12-29 22:37:10,300 WARN  [org.keycloak.events] (default task-11) type=LOGIN_ERROR, realmId=master, clientId=demo-angular, userId=null, ipAddress=127.0.0.1, error=client_not_found
2021-12-29 22:38:03,938 WARN  [org.keycloak.events] (default task-14) type=LOGOUT_ERROR, realmId=master, clientId=null, userId=null, ipAddress=127.0.0.1, error=invalid_redirect_uri, redirect_uri=/sign-in
2021-12-29 22:38:22,522 WARN  [org.keycloak.events] (default task-13) type=LOGOUT_ERROR, realmId=master, clientId=null, userId=null, ipAddress=127.0.0.1, error=invalid_redirect_uri, redirect_uri=/sign-in
2021-12-29 22:38:58,136 WARN  [org.keycloak.events] (default task-12) type=LOGOUT_ERROR, realmId=master, clientId=null, userId=null, ipAddress=127.0.0.1, error=invalid_redirect_uri, redirect_uri=/sign-in
2021-12-29 22:39:20,449 WARN  [org.keycloak.events] (default task-12) type=LOGOUT_ERROR, realmId=master, clientId=null, userId=null, ipAddress=127.0.0.1, error=invalid_redirect_uri, redirect_uri=/sign-in
2021-12-29 22:39:45,709 WARN  [org.keycloak.events] (default task-15) type=LOGIN_ERROR, realmId=master, clientId=demo-angular, userId=null, ipAddress=127.0.0.1, error=user_not_found, auth_method=openid-connect, auth_type=code, redirect_uri=http://localhost:4200/, code_id=fcb1da50-20c8-47a7-810c-18ca8a4c2e05, username=h, authSessionParentId=fcb1da50-20c8-47a7-810c-18ca8a4c2e05, authSessionTabId=EgmjKBsxScM
2021-12-29 22:40:24,264 WARN  [org.keycloak.events] (default task-15) type=LOGIN_ERROR, realmId=master, clientId=security-admin-console, userId=null, ipAddress=127.0.0.1, error=user_not_found, auth_method=openid-connect, auth_type=code, redirect_uri=http://localhost:8080/auth/admin/master/console/#/realms/master/clients/42509df3-15ed-484a-b0e4-7a852121c683, code_id=fcb1da50-20c8-47a7-810c-18ca8a4c2e05, username=manager, authSessionParentId=fcb1da50-20c8-47a7-810c-18ca8a4c2e05, authSessionTabId=QlSpJryt2Tw
2021-12-29 22:40:29,300 WARN  [org.keycloak.events] (default task-15) type=LOGIN_ERROR, realmId=master, clientId=security-admin-console, userId=null, ipAddress=127.0.0.1, error=user_not_found, auth_method=openid-connect, auth_type=code, redirect_uri=http://localhost:8080/auth/admin/master/console/#/realms/master/clients/42509df3-15ed-484a-b0e4-7a852121c683, code_id=fcb1da50-20c8-47a7-810c-18ca8a4c2e05, username=manager, authSessionParentId=fcb1da50-20c8-47a7-810c-18ca8a4c2e05, authSessionTabId=QlSpJryt2Tw
2021-12-29 22:43:19,577 WARN  [org.keycloak.events] (default task-15) type=LOGIN_ERROR, realmId=master, clientId=demo-angular, userId=null, ipAddress=127.0.0.1, error=user_not_found, auth_method=openid-connect, auth_type=code, redirect_uri=http://localhost:4200/dashboard, code_id=1fb39bdc-5ff0-485b-88ab-00d8d2f55589, username=kabiljbeli@gmail.com, authSessionParentId=1fb39bdc-5ff0-485b-88ab-00d8d2f55589, authSessionTabId=1XcHiXxH1yw
2021-12-29 23:07:16,662 INFO  [org.jboss.as.server] (Thread-2) WFLYSRV0272: Suspending server
2021-12-29 23:07:16,728 INFO  [org.jboss.as.ejb3] (Thread-2) WFLYEJB0493: Jakarta Enterprise Beans subsystem suspension complete
2021-12-29 23:07:16,740 INFO  [org.jboss.as.server] (Thread-2) WFLYSRV0220: Server shutdown has been requested via an OS signal
2021-12-29 23:07:16,835 INFO  [org.jboss.as.connector.subsystems.datasources] (MSC service thread 1-8) WFLYJCA0010: Unbound data source [java:jboss/datasources/KeycloakDS]
2021-12-29 23:07:16,835 INFO  [org.jboss.as.mail.extension] (MSC service thread 1-3) WFLYMAIL0002: Unbound mail session [java:jboss/mail/Default]
2021-12-29 23:07:16,850 INFO  [org.wildfly.extension.undertow] (MSC service thread 1-8) WFLYUT0008: Undertow HTTPS listener https suspending
2021-12-29 23:07:16,850 INFO  [org.wildfly.extension.undertow] (ServerService Thread Pool -- 65) WFLYUT0022: Unregistered web context: '/auth' from server 'default-server'
2021-12-29 23:07:16,866 INFO  [org.wildfly.extension.undertow] (MSC service thread 1-8) WFLYUT0007: Undertow HTTPS listener https stopped, was bound to 127.0.0.1:8443
2021-12-29 23:07:16,928 INFO  [org.jboss.as.connector.subsystems.datasources] (MSC service thread 1-2) WFLYJCA0010: Unbound data source [java:jboss/datasources/ExampleDS]
2021-12-29 23:07:16,944 INFO  [org.jboss.as.connector.deployers.jdbc] (MSC service thread 1-3) WFLYJCA0019: Stopped Driver service with driver-name = h2
2021-12-29 23:07:16,944 INFO  [org.wildfly.extension.undertow] (MSC service thread 1-8) WFLYUT0019: Host default-host stopping
2021-12-29 23:07:16,991 INFO  [org.wildfly.extension.undertow] (MSC service thread 1-4) WFLYUT0008: Undertow HTTP listener default suspending
2021-12-29 23:07:16,991 INFO  [org.wildfly.extension.undertow] (MSC service thread 1-4) WFLYUT0007: Undertow HTTP listener default stopped, was bound to 127.0.0.1:8080
2021-12-29 23:07:17,006 INFO  [org.jboss.as.clustering.infinispan] (ServerService Thread Pool -- 78) WFLYCLINF0003: Stopped offlineClientSessions cache from keycloak container
2021-12-29 23:07:17,006 INFO  [org.jboss.as.clustering.infinispan] (ServerService Thread Pool -- 73) WFLYCLINF0003: Stopped offlineSessions cache from keycloak container
2021-12-29 23:07:17,006 INFO  [org.jboss.as.clustering.infinispan] (ServerService Thread Pool -- 79) WFLYCLINF0003: Stopped work cache from keycloak container
2021-12-29 23:07:17,006 INFO  [org.jboss.as.clustering.infinispan] (ServerService Thread Pool -- 80) WFLYCLINF0003: Stopped authenticationSessions cache from keycloak container
2021-12-29 23:07:17,006 INFO  [org.jboss.as.clustering.infinispan] (ServerService Thread Pool -- 70) WFLYCLINF0003: Stopped clientSessions cache from keycloak container
2021-12-29 23:07:17,006 INFO  [org.jboss.as.clustering.infinispan] (ServerService Thread Pool -- 71) WFLYCLINF0003: Stopped sessions cache from keycloak container
2021-12-29 23:07:17,006 INFO  [org.jboss.as.clustering.infinispan] (ServerService Thread Pool -- 69) WFLYCLINF0003: Stopped actionTokens cache from keycloak container
2021-12-29 23:07:17,006 INFO  [org.jboss.as.clustering.infinispan] (ServerService Thread Pool -- 76) WFLYCLINF0003: Stopped loginFailures cache from keycloak container
2021-12-29 23:07:17,006 INFO  [org.jboss.as.clustering.infinispan] (ServerService Thread Pool -- 74) WFLYCLINF0003: Stopped keys cache from keycloak container
2021-12-29 23:07:17,006 INFO  [org.wildfly.extension.undertow] (MSC service thread 1-4) WFLYUT0004: Undertow 2.2.5.Final stopping
2021-12-29 23:07:17,028 INFO  [org.jboss.as.clustering.infinispan] (ServerService Thread Pool -- 72) WFLYCLINF0003: Stopped users cache from keycloak container
2021-12-29 23:07:17,038 INFO  [org.jboss.as.clustering.infinispan] (ServerService Thread Pool -- 77) WFLYCLINF0003: Stopped authorization cache from keycloak container
2021-12-29 23:07:17,038 INFO  [org.jboss.as.clustering.infinispan] (ServerService Thread Pool -- 75) WFLYCLINF0003: Stopped realms cache from keycloak container
2021-12-29 23:07:17,038 INFO  [org.jboss.as.server.deployment] (MSC service thread 1-5) WFLYSRV0028: Stopped deployment keycloak-server.war (runtime-name: keycloak-server.war) in 267ms
2021-12-29 23:07:17,038 INFO  [org.infinispan.manager.DefaultCacheManager] (ServerService Thread Pool -- 75) Stopping cache manager null on null
2021-12-29 23:07:17,195 INFO  [org.jboss.as.clustering.infinispan] (ServerService Thread Pool -- 65) WFLYCLINF0003: Stopped http-remoting-connector cache from ejb container
2021-12-29 23:07:17,195 INFO  [org.infinispan.manager.DefaultCacheManager] (ServerService Thread Pool -- 65) Stopping cache manager null on null
2021-12-29 23:07:17,210 INFO  [org.jboss.as] (MSC service thread 1-8) WFLYSRV0050: Keycloak 15.0.2 (WildFly Core 15.0.1.Final) stopped in 428ms
